2025-09-14 04:47:05,822 - urllib3.connectionpool - DEBUG - Starting new HTTPS connection (1): api.telegram.org:443
2025-09-14 04:47:06,348 - urllib3.connectionpool - DEBUG - https://api.telegram.org:443 "GET / HTTP/1.1" 302 145
2025-09-14 04:47:06,350 - urllib3.connectionpool - DEBUG - Starting new HTTPS connection (1): core.telegram.org:443
2025-09-14 04:47:06,774 - urllib3.connectionpool - DEBUG - https://core.telegram.org:443 "GET /bots HTTP/1.1" 200 6931
2025-09-14 04:47:06,778 - urllib3.connectionpool - DEBUG - Starting new HTTPS connection (1): api.telegram.org:443
2025-09-14 04:47:07,210 - urllib3.connectionpool - DEBUG - https://api.telegram.org:443 "GET /bot8495785437:AAFR_fwx0AlVTcVanFMwZ7Uf5Z4t3Sk-YdA/getMe HTTP/1.1" 200 251
2025-09-14 04:47:07,236 - urllib3.connectionpool - DEBUG - Starting new HTTPS connection (1): api.telegram.org:443
2025-09-14 04:47:07,682 - urllib3.connectionpool - DEBUG - https://api.telegram.org:443 "GET /bot8495785437:AAFR_fwx0AlVTcVanFMwZ7Uf5Z4t3Sk-YdA/getMe HTTP/1.1" 200 251
2025-09-14 04:47:07,748 - urllib3.connectionpool - DEBUG - https://api.telegram.org:443 "GET /bot8495785437:AAFR_fwx0AlVTcVanFMwZ7Uf5Z4t3Sk-YdA/getMe HTTP/1.1" 200 251
2025-09-14 04:47:10,765 - urllib3.connectionpool - DEBUG - Starting new HTTPS connection (1): api.telegram.org:443
2025-09-14 04:47:11,211 - urllib3.connectionpool - DEBUG - https://api.telegram.org:443 "GET /bot8495785437:AAFR_fwx0AlVTcVanFMwZ7Uf5Z4t3Sk-YdA/getUpdates?offset=1&timeout=30 HTTP/1.1" 200 4361
2025-09-14 04:47:11,220 - urllib3.connectionpool - DEBUG - Starting new HTTPS connection (1): api.telegram.org:443
2025-09-14 04:47:11,262 - urllib3.connectionpool - DEBUG - Starting new HTTPS connection (1): api.telegram.org:443
2025-09-14 04:47:11,814 - urllib3.connectionpool - DEBUG - https://api.telegram.org:443 "POST /bot8495785437:AAFR_fwx0AlVTcVanFMwZ7Uf5Z4t3Sk-YdA/sendMessage?chat_id=1106294909&text=%D0%9F%D1%80%D0%BE%D0%B8%D0%B7%D0%BE%D1%88%D0%BB%D0%B0+%D0%BE%D1%88%D0%B8%D0%B1%D0%BA%D0%B0+%D0%BF%D1%80%D0%B8+%D0%BE%D0%B1%D1%80%D0%B0%D0%B1%D0%BE%D1%82%D0%BA%D0%B5+%D0%B7%D0%B0%D0%BF%D1%80%D0%BE%D1%81%D0%B0+%F0%9F%98%94 HTTP/1.1" 200 480
2025-09-14 04:47:11,837 - urllib3.connectionpool - DEBUG - https://api.telegram.org:443 "POST /bot8495785437:AAFR_fwx0AlVTcVanFMwZ7Uf5Z4t3Sk-YdA/sendMessage?chat_id=1106294909&text=%E2%84%B9%EF%B8%8F+%D0%98%D1%81%D0%BF%D0%BE%D0%BB%D1%8C%D0%B7%D1%83%D0%B9%D1%82%D0%B5+%2Fstart+%D0%B4%D0%BB%D1%8F+%D0%BD%D0%B0%D1%87%D0%B0%D0%BB%D0%B0 HTTP/1.1" 200 460
2025-09-14 04:47:11,900 - urllib3.connectionpool - DEBUG - https://api.telegram.org:443 "POST /bot8495785437:AAFR_fwx0AlVTcVanFMwZ7Uf5Z4t3Sk-YdA/sendMessage?chat_id=1106294909&text=%D0%9F%D1%80%D0%BE%D0%B8%D0%B7%D0%BE%D1%88%D0%BB%D0%B0+%D0%BE%D1%88%D0%B8%D0%B1%D0%BA%D0%B0+%D0%BF%D1%80%D0%B8+%D0%BE%D0%B1%D1%80%D0%B0%D0%B1%D0%BE%D1%82%D0%BA%D0%B5+%D0%B7%D0%B0%D0%BF%D1%80%D0%BE%D1%81%D0%B0+%F0%9F%98%94 HTTP/1.1" 200 480
2025-09-14 04:47:11,918 - urllib3.connectionpool - DEBUG - https://api.telegram.org:443 "POST /bot8495785437:AAFR_fwx0AlVTcVanFMwZ7Uf5Z4t3Sk-YdA/sendMessage?chat_id=1106294909&text=%E2%84%B9%EF%B8%8F+%D0%98%D1%81%D0%BF%D0%BE%D0%BB%D1%8C%D0%B7%D1%83%D0%B9%D1%82%D0%B5+%2Fstart+%D0%B4%D0%BB%D1%8F+%D0%BD%D0%B0%D1%87%D0%B0%D0%BB%D0%B0 HTTP/1.1" 200 460
2025-09-14 04:47:11,981 - urllib3.connectionpool - DEBUG - https://api.telegram.org:443 "POST /bot8495785437:AAFR_fwx0AlVTcVanFMwZ7Uf5Z4t3Sk-YdA/sendMessage?chat_id=1106294909&text=%D0%9F%D1%80%D0%BE%D0%B8%D0%B7%D0%BE%D1%88%D0%BB%D0%B0+%D0%BE%D1%88%D0%B8%D0%B1%D0%BA%D0%B0+%D0%BF%D1%80%D0%B8+%D0%BE%D0%B1%D1%80%D0%B0%D0%B1%D0%BE%D1%82%D0%BA%D0%B5+%D0%B7%D0%B0%D0%BF%D1%80%D0%BE%D1%81%D0%B0+%F0%9F%98%94 HTTP/1.1" 200 480
2025-09-14 04:47:12,003 - urllib3.connectionpool - DEBUG - https://api.telegram.org:443 "POST /bot8495785437:AAFR_fwx0AlVTcVanFMwZ7Uf5Z4t3Sk-YdA/sendMessage?chat_id=1106294909&text=%D0%9F%D1%80%D0%BE%D0%B8%D0%B7%D0%BE%D1%88%D0%BB%D0%B0+%D0%BE%D1%88%D0%B8%D0%B1%D0%BA%D0%B0+%D0%BF%D1%80%D0%B8+%D0%BE%D0%B1%D1%80%D0%B0%D0%B1%D0%BE%D1%82%D0%BA%D0%B5+%D0%B7%D0%B0%D0%BF%D1%80%D0%BE%D1%81%D0%B0+%F0%9F%98%94 HTTP/1.1" 200 480
2025-09-14 04:47:12,052 - urllib3.connectionpool - DEBUG - https://api.telegram.org:443 "POST /bot8495785437:AAFR_fwx0AlVTcVanFMwZ7Uf5Z4t3Sk-YdA/sendMessage?chat_id=1106294909&text=%E2%84%B9%EF%B8%8F+%D0%98%D1%81%D0%BF%D0%BE%D0%BB%D1%8C%D0%B7%D1%83%D0%B9%D1%82%D0%B5+%2Fstart+%D0%B4%D0%BB%D1%8F+%D0%BD%D0%B0%D1%87%D0%B0%D0%BB%D0%B0 HTTP/1.1" 200 460
2025-09-14 04:47:12,088 - urllib3.connectionpool - DEBUG - https://api.telegram.org:443 "POST /bot8495785437:AAFR_fwx0AlVTcVanFMwZ7Uf5Z4t3Sk-YdA/sendMessage?chat_id=1106294909&text=%D0%9F%D1%80%D0%BE%D0%B8%D0%B7%D0%BE%D1%88%D0%BB%D0%B0+%D0%BE%D1%88%D0%B8%D0%B1%D0%BA%D0%B0+%D0%BF%D1%80%D0%B8+%D0%BE%D0%B1%D1%80%D0%B0%D0%B1%D0%BE%D1%82%D0%BA%D0%B5+%D0%B7%D0%B0%D0%BF%D1%80%D0%BE%D1%81%D0%B0+%F0%9F%98%94 HTTP/1.1" 200 480
2025-09-14 04:47:12,138 - urllib3.connectionpool - DEBUG - https://api.telegram.org:443 "POST /bot8495785437:AAFR_fwx0AlVTcVanFMwZ7Uf5Z4t3Sk-YdA/sendMessage?chat_id=1106294909&text=%D0%9F%D1%80%D0%BE%D0%B8%D0%B7%D0%BE%D1%88%D0%BB%D0%B0+%D0%BE%D1%88%D0%B8%D0%B1%D0%BA%D0%B0+%D0%BF%D1%80%D0%B8+%D0%BE%D0%B1%D1%80%D0%B0%D0%B1%D0%BE%D1%82%D0%BA%D0%B5+%D0%B7%D0%B0%D0%BF%D1%80%D0%BE%D1%81%D0%B0+%F0%9F%98%94 HTTP/1.1" 200 480
2025-09-14 04:47:12,162 - urllib3.connectionpool - DEBUG - https://api.telegram.org:443 "POST /bot8495785437:AAFR_fwx0AlVTcVanFMwZ7Uf5Z4t3Sk-YdA/sendMessage?chat_id=1106294909&text=%E2%84%B9%EF%B8%8F+%D0%98%D1%81%D0%BF%D0%BE%D0%BB%D1%8C%D0%B7%D1%83%D0%B9%D1%82%D0%B5+%2Fstart+%D0%B4%D0%BB%D1%8F+%D0%BD%D0%B0%D1%87%D0%B0%D0%BB%D0%B0 HTTP/1.1" 200 460
2025-09-14 04:47:12,267 - urllib3.connectionpool - DEBUG - https://api.telegram.org:443 "POST /bot8495785437:AAFR_fwx0AlVTcVanFMwZ7Uf5Z4t3Sk-YdA/sendMessage?chat_id=1106294909&text=%D0%9F%D1%80%D0%BE%D0%B8%D0%B7%D0%BE%D1%88%D0%BB%D0%B0+%D0%BE%D1%88%D0%B8%D0%B1%D0%BA%D0%B0+%D0%BF%D1%80%D0%B8+%D0%BE%D0%B1%D1%80%D0%B0%D0%B1%D0%BE%D1%82%D0%BA%D0%B5+%D0%B7%D0%B0%D0%BF%D1%80%D0%BE%D1%81%D0%B0+%F0%9F%98%94 HTTP/1.1" 200 480
2025-09-14 04:47:12,287 - urllib3.connectionpool - DEBUG - https://api.telegram.org:443 "POST /bot8495785437:AAFR_fwx0AlVTcVanFMwZ7Uf5Z4t3Sk-YdA/sendMessage?chat_id=1106294909&text=%E2%84%B9%EF%B8%8F+%D0%98%D1%81%D0%BF%D0%BE%D0%BB%D1%8C%D0%B7%D1%83%D0%B9%D1%82%D0%B5+%2Fstart+%D0%B4%D0%BB%D1%8F+%D0%BD%D0%B0%D1%87%D0%B0%D0%BB%D0%B0 HTTP/1.1" 200 460
2025-09-14 04:47:44,263 - urllib3.connectionpool - DEBUG - https://api.telegram.org:443 "GET /bot8495785437:AAFR_fwx0AlVTcVanFMwZ7Uf5Z4t3Sk-YdA/getUpdates?offset=723378027&timeout=30 HTTP/1.1" 200 23
2025-09-14 04:48:17,329 - urllib3.connectionpool - DEBUG - https://api.telegram.org:443 "GET /bot8495785437:AAFR_fwx0AlVTcVanFMwZ7Uf5Z4t3Sk-YdA/getUpdates?offset=723378027&timeout=30 HTTP/1.1" 200 23
2025-09-14 04:48:33,544 - urllib3.connectionpool - DEBUG - https://api.telegram.org:443 "GET /bot8495785437:AAFR_fwx0AlVTcVanFMwZ7Uf5Z4t3Sk-YdA/getUpdates?offset=723378027&timeout=30 HTTP/1.1" 200 409
2025-09-14 04:48:33,636 - urllib3.connectionpool - DEBUG - https://api.telegram.org:443 "POST /bot8495785437:AAFR_fwx0AlVTcVanFMwZ7Uf5Z4t3Sk-YdA/sendMessage?chat_id=1106294909&text=%D0%9F%D1%80%D0%BE%D0%B8%D0%B7%D0%BE%D1%88%D0%BB%D0%B0+%D0%BE%D1%88%D0%B8%D0%B1%D0%BA%D0%B0+%D0%BF%D1%80%D0%B8+%D0%BE%D0%B1%D1%80%D0%B0%D0%B1%D0%BE%D1%82%D0%BA%D0%B5+%D0%B7%D0%B0%D0%BF%D1%80%D0%BE%D1%81%D0%B0+%F0%9F%98%94 HTTP/1.1" 200 480
2025-09-14 04:48:37,787 - urllib3.connectionpool - DEBUG - https://api.telegram.org:443 "GET /bot8495785437:AAFR_fwx0AlVTcVanFMwZ7Uf5Z4t3Sk-YdA/getUpdates?offset=723378028&timeout=30 HTTP/1.1" 200 348
2025-09-14 04:48:37,867 - urllib3.connectionpool - DEBUG - https://api.telegram.org:443 "POST /bot8495785437:AAFR_fwx0AlVTcVanFMwZ7Uf5Z4t3Sk-YdA/sendMessage?chat_id=1106294909&text=%E2%84%B9%EF%B8%8F+%D0%98%D1%81%D0%BF%D0%BE%D0%BB%D1%8C%D0%B7%D1%83%D0%B9%D1%82%D0%B5+%2Fstart+%D0%B4%D0%BB%D1%8F+%D0%BD%D0%B0%D1%87%D0%B0%D0%BB%D0%B0 HTTP/1.1" 200 460
2025-09-14 04:48:43,633 - urllib3.connectionpool - DEBUG - https://api.telegram.org:443 "GET /bot8495785437:AAFR_fwx0AlVTcVanFMwZ7Uf5Z4t3Sk-YdA/getUpdates?offset=723378029&timeout=30 HTTP/1.1" 200 409
2025-09-14 04:48:43,708 - urllib3.connectionpool - DEBUG - https://api.telegram.org:443 "POST /bot8495785437:AAFR_fwx0AlVTcVanFMwZ7Uf5Z4t3Sk-YdA/sendMessage?chat_id=1106294909&text=%D0%9F%D1%80%D0%BE%D0%B8%D0%B7%D0%BE%D1%88%D0%BB%D0%B0+%D0%BE%D1%88%D0%B8%D0%B1%D0%BA%D0%B0+%D0%BF%D1%80%D0%B8+%D0%BE%D0%B1%D1%80%D0%B0%D0%B1%D0%BE%D1%82%D0%BA%D0%B5+%D0%B7%D0%B0%D0%BF%D1%80%D0%BE%D1%81%D0%B0+%F0%9F%98%94 HTTP/1.1" 200 480
2025-09-14 04:48:58,677 - main - INFO - ???????? ???????? ??? ???? ??
2025-09-14 04:49:07,796 - urllib3.connectionpool - DEBUG - https://api.telegram.org:443 "GET /bot8495785437:AAFR_fwx0AlVTcVanFMwZ7Uf5Z4t3Sk-YdA/getUpdates?offset=723378030&timeout=30 HTTP/1.1" 200 409
2025-09-14 04:49:07,874 - urllib3.connectionpool - DEBUG - https://api.telegram.org:443 "POST /bot8495785437:AAFR_fwx0AlVTcVanFMwZ7Uf5Z4t3Sk-YdA/sendMessage?chat_id=1106294909&text=%D0%9F%D1%80%D0%BE%D0%B8%D0%B7%D0%BE%D1%88%D0%BB%D0%B0+%D0%BE%D1%88%D0%B8%D0%B1%D0%BA%D0%B0+%D0%BF%D1%80%D0%B8+%D0%BE%D0%B1%D1%80%D0%B0%D0%B1%D0%BE%D1%82%D0%BA%D0%B5+%D0%B7%D0%B0%D0%BF%D1%80%D0%BE%D1%81%D0%B0+%F0%9F%98%94 HTTP/1.1" 200 480
2025-09-14 04:50:13,927 - urllib3.connectionpool - DEBUG - https://api.telegram.org:443 "GET /bot8495785437:AAFR_fwx0AlVTcVanFMwZ7Uf5Z4t3Sk-YdA/getUpdates?offset=723378031&timeout=30 HTTP/1.1" 200 23
2025-09-14 04:50:46,989 - urllib3.connectionpool - DEBUG - https://api.telegram.org:443 "GET /bot8495785437:AAFR_fwx0AlVTcVanFMwZ7Uf5Z4t3Sk-YdA/getUpdates?offset=723378031&timeout=30 HTTP/1.1" 200 23
2025-09-14 04:51:17,609 - main - INFO - —ценарий сохранен дл€ бота оо
2025-09-14 04:51:20,040 - urllib3.connectionpool - DEBUG - https://api.telegram.org:443 "GET /bot8495785437:AAFR_fwx0AlVTcVanFMwZ7Uf5Z4t3Sk-YdA/getUpdates?offset=723378031&timeout=30 HTTP/1.1" 200 23
2025-09-14 04:59:38,995 - main - INFO - —ценарий сохранен дл€ бота оо
2025-09-14 04:59:41,245 - urllib3.connectionpool - DEBUG - Starting new HTTPS connection (1): api.telegram.org:443
2025-09-14 04:59:41,746 - urllib3.connectionpool - DEBUG - https://api.telegram.org:443 "GET / HTTP/1.1" 302 145
2025-09-14 04:59:41,748 - urllib3.connectionpool - DEBUG - Starting new HTTPS connection (1): core.telegram.org:443
2025-09-14 04:59:42,315 - urllib3.connectionpool - DEBUG - https://core.telegram.org:443 "GET /bots HTTP/1.1" 200 6931
2025-09-14 04:59:42,318 - urllib3.connectionpool - DEBUG - Starting new HTTPS connection (1): api.telegram.org:443
2025-09-14 04:59:42,741 - urllib3.connectionpool - DEBUG - https://api.telegram.org:443 "GET /bot8495785437:AAFR_fwx0AlVTcVanFMwZ7Uf5Z4t3Sk-YdA/getMe HTTP/1.1" 200 251
2025-09-14 04:59:42,755 - urllib3.connectionpool - DEBUG - Starting new HTTPS connection (1): api.telegram.org:443
2025-09-14 04:59:43,254 - urllib3.connectionpool - DEBUG - https://api.telegram.org:443 "GET /bot8495785437:AAFR_fwx0AlVTcVanFMwZ7Uf5Z4t3Sk-YdA/getMe HTTP/1.1" 200 251
2025-09-14 04:59:43,305 - urllib3.connectionpool - DEBUG - https://api.telegram.org:443 "GET /bot8495785437:AAFR_fwx0AlVTcVanFMwZ7Uf5Z4t3Sk-YdA/getMe HTTP/1.1" 200 251
2025-09-14 04:59:46,482 - urllib3.connectionpool - DEBUG - Starting new HTTPS connection (1): api.telegram.org:443
2025-09-14 04:59:48,003 - urllib3.connectionpool - DEBUG - https://api.telegram.org:443 "GET /bot8495785437:AAFR_fwx0AlVTcVanFMwZ7Uf5Z4t3Sk-YdA/getUpdates?offset=1&timeout=30 HTTP/1.1" 200 409
2025-09-14 04:59:48,083 - urllib3.connectionpool - DEBUG - Starting new HTTPS connection (1): api.telegram.org:443
2025-09-14 04:59:48,741 - urllib3.connectionpool - DEBUG - https://api.telegram.org:443 "POST /bot8495785437:AAFR_fwx0AlVTcVanFMwZ7Uf5Z4t3Sk-YdA/sendMessage?chat_id=1106294909&text=%D0%AD%D1%82%D0%BE+%D1%82%D0%B5%D1%81%D1%82%D0%BE%D0%B2%D0%BE%D0%B5+%D1%81%D0%BE%D0%BE%D0%B1%D1%89%D0%B5%D0%BD%D0%B8%D0%B5+%D0%BE%D1%82+%D0%B2%D0%B0%D1%88%D0%B5%D0%B3%D0%BE+%D0%B1%D0%BE%D1%82%D0%B0%21 HTTP/1.1" 200 457
2025-09-14 04:59:51,066 - urllib3.connectionpool - DEBUG - https://api.telegram.org:443 "GET /bot8495785437:AAFR_fwx0AlVTcVanFMwZ7Uf5Z4t3Sk-YdA/getUpdates?offset=723378032&timeout=30 HTTP/1.1" 200 409
2025-09-14 04:59:51,175 - urllib3.connectionpool - DEBUG - https://api.telegram.org:443 "POST /bot8495785437:AAFR_fwx0AlVTcVanFMwZ7Uf5Z4t3Sk-YdA/sendMessage?chat_id=1106294909&text=%D0%AD%D1%82%D0%BE+%D1%82%D0%B5%D1%81%D1%82%D0%BE%D0%B2%D0%BE%D0%B5+%D1%81%D0%BE%D0%BE%D0%B1%D1%89%D0%B5%D0%BD%D0%B8%D0%B5+%D0%BE%D1%82+%D0%B2%D0%B0%D1%88%D0%B5%D0%B3%D0%BE+%D0%B1%D0%BE%D1%82%D0%B0%21 HTTP/1.1" 200 457
2025-09-14 05:00:11,226 - urllib3.connectionpool - DEBUG - https://api.telegram.org:443 "GET /bot8495785437:AAFR_fwx0AlVTcVanFMwZ7Uf5Z4t3Sk-YdA/getUpdates?offset=723378033&timeout=30 HTTP/1.1" 200 409
2025-09-14 05:00:11,312 - urllib3.connectionpool - DEBUG - https://api.telegram.org:443 "POST /bot8495785437:AAFR_fwx0AlVTcVanFMwZ7Uf5Z4t3Sk-YdA/sendMessage?chat_id=1106294909&text=%D0%AD%D1%82%D0%BE+%D1%82%D0%B5%D1%81%D1%82%D0%BE%D0%B2%D0%BE%D0%B5+%D1%81%D0%BE%D0%BE%D0%B1%D1%89%D0%B5%D0%BD%D0%B8%D0%B5+%D0%BE%D1%82+%D0%B2%D0%B0%D1%88%D0%B5%D0%B3%D0%BE+%D0%B1%D0%BE%D1%82%D0%B0%21 HTTP/1.1" 200 457
2025-09-14 05:01:07,650 - urllib3.connectionpool - DEBUG - Starting new HTTPS connection (1): api.telegram.org:443
2025-09-14 05:01:08,090 - urllib3.connectionpool - DEBUG - https://api.telegram.org:443 "GET / HTTP/1.1" 302 145
2025-09-14 05:01:08,092 - urllib3.connectionpool - DEBUG - Starting new HTTPS connection (1): core.telegram.org:443
2025-09-14 05:01:08,482 - urllib3.connectionpool - DEBUG - https://core.telegram.org:443 "GET /bots HTTP/1.1" 200 6932
2025-09-14 05:01:08,487 - urllib3.connectionpool - DEBUG - Starting new HTTPS connection (1): api.telegram.org:443
2025-09-14 05:01:08,860 - urllib3.connectionpool - DEBUG - https://api.telegram.org:443 "GET /bot8495785437:AAFR_fwx0AlVTcVanFMwZ7Uf5Z4t3Sk-YdA/getMe HTTP/1.1" 200 251
2025-09-14 05:01:08,899 - urllib3.connectionpool - DEBUG - Starting new HTTPS connection (1): api.telegram.org:443
2025-09-14 05:01:09,397 - urllib3.connectionpool - DEBUG - https://api.telegram.org:443 "GET /bot8495785437:AAFR_fwx0AlVTcVanFMwZ7Uf5Z4t3Sk-YdA/getMe HTTP/1.1" 200 251
2025-09-14 05:01:09,452 - urllib3.connectionpool - DEBUG - https://api.telegram.org:443 "GET /bot8495785437:AAFR_fwx0AlVTcVanFMwZ7Uf5Z4t3Sk-YdA/getMe HTTP/1.1" 200 251
2025-09-14 05:01:12,465 - urllib3.connectionpool - DEBUG - Starting new HTTPS connection (1): api.telegram.org:443
2025-09-14 05:01:12,849 - urllib3.connectionpool - DEBUG - https://api.telegram.org:443 "GET /bot8495785437:AAFR_fwx0AlVTcVanFMwZ7Uf5Z4t3Sk-YdA/getUpdates?offset=1&timeout=30 HTTP/1.1" 200 796
2025-09-14 05:01:12,916 - urllib3.connectionpool - DEBUG - Starting new HTTPS connection (1): api.telegram.org:443
2025-09-14 05:01:12,923 - urllib3.connectionpool - DEBUG - Starting new HTTPS connection (1): api.telegram.org:443
2025-09-14 05:01:13,534 - urllib3.connectionpool - DEBUG - https://api.telegram.org:443 "POST /bot8495785437:AAFR_fwx0AlVTcVanFMwZ7Uf5Z4t3Sk-YdA/sendMessage?chat_id=1106294909&text=%D0%AD%D1%82%D0%BE+%D1%82%D0%B5%D1%81%D1%82%D0%BE%D0%B2%D0%BE%D0%B5+%D1%81%D0%BE%D0%BE%D0%B1%D1%89%D0%B5%D0%BD%D0%B8%D0%B5+%D0%BE%D1%82+%D0%B2%D0%B0%D1%88%D0%B5%D0%B3%D0%BE+%D0%B1%D0%BE%D1%82%D0%B0%21 HTTP/1.1" 200 457
2025-09-14 05:01:13,547 - urllib3.connectionpool - DEBUG - https://api.telegram.org:443 "POST /bot8495785437:AAFR_fwx0AlVTcVanFMwZ7Uf5Z4t3Sk-YdA/sendMessage?chat_id=1106294909&text=%D0%AD%D1%82%D0%BE+%D1%82%D0%B5%D1%81%D1%82%D0%BE%D0%B2%D0%BE%D0%B5+%D1%81%D0%BE%D0%BE%D0%B1%D1%89%D0%B5%D0%BD%D0%B8%D0%B5+%D0%BE%D1%82+%D0%B2%D0%B0%D1%88%D0%B5%D0%B3%D0%BE+%D0%B1%D0%BE%D1%82%D0%B0%21 HTTP/1.1" 200 457
2025-09-14 05:01:23,385 - main - INFO - —ценарий сохранен дл€ бота оо
2025-09-14 05:01:45,913 - urllib3.connectionpool - DEBUG - https://api.telegram.org:443 "GET /bot8495785437:AAFR_fwx0AlVTcVanFMwZ7Uf5Z4t3Sk-YdA/getUpdates?offset=723378036&timeout=30 HTTP/1.1" 200 23
2025-09-14 05:02:18,976 - urllib3.connectionpool - DEBUG - https://api.telegram.org:443 "GET /bot8495785437:AAFR_fwx0AlVTcVanFMwZ7Uf5Z4t3Sk-YdA/getUpdates?offset=723378036&timeout=30 HTTP/1.1" 200 23
2025-09-14 05:02:52,028 - urllib3.connectionpool - DEBUG - https://api.telegram.org:443 "GET /bot8495785437:AAFR_fwx0AlVTcVanFMwZ7Uf5Z4t3Sk-YdA/getUpdates?offset=723378036&timeout=30 HTTP/1.1" 200 23
